#
# There is insufficient memory for the Java Runtime Environment to continue.
# Native memory allocation (malloc) failed to allocate 1119776 bytes for Chunk::new
# Possible reasons:
#   The system is out of physical RAM or swap space
#   In 32 bit mode, the process size limit was hit
# Possible solutions:
#   Reduce memory load on the system
#   Increase physical memory or swap space
#   Check if swap backing store is full
#   Use 64 bit Java on a 64 bit OS
#   Decrease Java heap size (-Xmx/-Xms)
#   Decrease number of Java threads
#   Decrease Java thread stack sizes (-Xss)
#   Set larger code cache with -XX:ReservedCodeCacheSize=
# This output file may be truncated or incomplete.
#
#  Out of Memory Error (allocation.cpp:390), pid=332, tid=5904
#
# JRE version: Java(TM) SE Runtime Environment (8.0_40-b25) (build 1.8.0_40-b25)
# Java VM: Java HotSpot(TM) 64-Bit Server VM (25.40-b25 mixed mode windows-amd64 compressed oops)
# Failed to write core dump. Minidumps are not enabled by default on client versions of Windows
#

---------------  T H R E A D  ---------------

Current thread (0x0000000014dde000):  JavaThread "C2 CompilerThread1" daemon [_thread_in_native, id=5904, stack(0x0000000016440000,0x0000000016540000)]

Stack: [0x0000000016440000,0x0000000016540000]
Native frames: (J=compiled Java code, j=interpreted, Vv=VM code, C=native code)
V  [jvm.dll+0x32b47a]
V  [jvm.dll+0x2797f3]
V  [jvm.dll+0x27a489]
V  [jvm.dll+0x2717a5]
V  [jvm.dll+0xcb9a2]
V  [jvm.dll+0xcbe6c]
V  [jvm.dll+0x476ea2]
V  [jvm.dll+0x4b950f]
V  [jvm.dll+0x46bf81]
V  [jvm.dll+0x46ccbe]
V  [jvm.dll+0x4500d2]
V  [jvm.dll+0xa4312]
V  [jvm.dll+0xa4c4f]
V  [jvm.dll+0x241914]
V  [jvm.dll+0x29848a]
C  [msvcr100.dll+0x21d9f]
C  [msvcr100.dll+0x21e3b]
C  [KERNEL32.DLL+0x1842]
C  [ntdll.dll+0x302a9]


Current CompileTask:
C2:   4517 1848       4       com.android.dx.merge.IndexMap$EncodedValueTransformer::transform (495 bytes)


---------------  P R O C E S S  ---------------

Java Threads: ( => current thread )
  0x0000000002610800 JavaThread "DestroyJavaVM" [_thread_blocked, id=2736, stack(0x0000000002230000,0x0000000002330000)]
  0x0000000014e3d800 JavaThread "Service Thread" daemon [_thread_blocked, id=6452, stack(0x0000000016a40000,0x0000000016b40000)]
  0x0000000014de1000 JavaThread "C1 CompilerThread2" daemon [_thread_blocked, id=6212, stack(0x0000000016540000,0x0000000016640000)]
=>0x0000000014dde000 JavaThread "C2 CompilerThread1" daemon [_thread_in_native, id=5904, stack(0x0000000016440000,0x0000000016540000)]
  0x0000000014dd9800 JavaThread "C2 CompilerThread0" daemon [_thread_blocked, id=6480, stack(0x0000000016340000,0x0000000016440000)]
  0x0000000014de6000 JavaThread "Attach Listener" daemon [_thread_blocked, id=356, stack(0x0000000016240000,0x0000000016340000)]
  0x0000000014de5000 JavaThread "Signal Dispatcher" daemon [_thread_blocked, id=3296, stack(0x0000000016140000,0x0000000016240000)]
  0x0000000002700800 JavaThread "Finalizer" daemon [_thread_blocked, id=6644, stack(0x0000000016040000,0x0000000016140000)]
  0x00000000026fd000 JavaThread "Reference Handler" daemon [_thread_blocked, id=5136, stack(0x0000000015f40000,0x0000000016040000)]

Other Threads:
  0x0000000014da8000 VMThread [stack: 0x0000000015e40000,0x0000000015f40000] [id=3756]
  0x0000000014e3e000 WatcherThread [stack: 0x0000000016b40000,0x0000000016c40000] [id=4504]

VM state:not at safepoint (normal execution)

VM Mutex/Monitor currently owned by a thread: None

Heap:
 PSYoungGen      total 34304K, used 5704K [0x00000000eab00000, 0x00000000ecf00000, 0x0000000100000000)
  eden space 31744K, 10% used [0x00000000eab00000,0x00000000eae1a2c0,0x00000000eca00000)
  from space 2560K, 98% used [0x00000000ecc80000,0x00000000ecef8098,0x00000000ecf00000)
  to   space 2560K, 0% used [0x00000000eca00000,0x00000000eca00000,0x00000000ecc80000)
 ParOldGen       total 42496K, used 13142K [0x00000000c0000000, 0x00000000c2980000, 0x00000000eab00000)
  object space 42496K, 30% used [0x00000000c0000000,0x00000000c0cd5ba0,0x00000000c2980000)
 Metaspace       used 6911K, capacity 7640K, committed 7936K, reserved 1056768K
  class space    used 698K, capacity 720K, committed 768K, reserved 1048576K

Card table byte_map: [0x0000000011ad0000,0x0000000011ce0000] byte_map_base: 0x00000000114d0000

Marking Bits: (ParMarkBitMap*) 0x0000000077ec4040
 Begin Bits: [0x0000000012240000, 0x0000000013240000)
 End Bits:   [0x0000000013240000, 0x0000000014240000)

Polling page: 0x0000000002160000

CodeCache: size=245760Kb used=6198Kb max_used=6212Kb free=239561Kb
 bounds [0x0000000002710000, 0x0000000002d30000, 0x0000000011710000]
 total_blobs=2184 nmethods=1896 adapters=201
 compilation: enabled

Compilation events (10 events):
Event: 3.327 Thread 0x0000000014de1000 1895       3       java.security.MessageDigest::update (45 bytes)
Event: 3.327 Thread 0x0000000014de1000 nmethod 1895 0x0000000002d16610 code [0x0000000002d167a0, 0x0000000002d16ba8]
Event: 3.327 Thread 0x0000000014de1000 1896       3       java.security.MessageDigest$Delegate::engineUpdate (11 bytes)
Event: 3.328 Thread 0x0000000014de1000 nmethod 1896 0x0000000002d16d50 code [0x0000000002d16ec0, 0x0000000002d170e8]
Event: 3.340 Thread 0x0000000014de1000 1897       3       java.util.zip.Adler32::update (51 bytes)
Event: 3.341 Thread 0x0000000014de1000 nmethod 1897 0x0000000002d171d0 code [0x0000000002d17360, 0x0000000002d17748]
Event: 3.356 Thread 0x0000000014de1000 1899       3       java.nio.ByteBuffer::arrayOffset (35 bytes)
Event: 3.356 Thread 0x0000000014de1000 nmethod 1899 0x0000000002d17cd0 code [0x0000000002d17e60, 0x0000000002d18178]
Event: 3.356 Thread 0x0000000014de1000 1900       3       java.util.Formatter$Flags::contains (22 bytes)
Event: 3.357 Thread 0x0000000014de1000 nmethod 1900 0x0000000002d182d0 code [0x0000000002d18440, 0x0000000002d18650]

GC Heap History (8 events):
Event: 1.138 GC heap before
{Heap before GC invocations=1 (full 0):
 PSYoungGen      total 18432K, used 15806K [0x00000000eab00000, 0x00000000ebf80000, 0x0000000100000000)
  eden space 15872K, 99% used [0x00000000eab00000,0x00000000eba6fa88,0x00000000eba80000)
  from space 2560K, 0% used [0x00000000ebd00000,0x00000000ebd00000,0x00000000ebf80000)
  to   space 2560K, 0% used [0x00000000eba80000,0x00000000eba80000,0x00000000ebd00000)
 ParOldGen       total 42496K, used 0K [0x00000000c0000000, 0x00000000c2980000, 0x00000000eab00000)
  object space 42496K, 0% used [0x00000000c0000000,0x00000000c0000000,0x00000000c2980000)
 Metaspace       used 5416K, capacity 6768K, committed 7040K, reserved 1056768K
  class space    used 547K, capacity 616K, committed 640K, reserved 1048576K
Event: 1.145 GC heap after
Heap after GC invocations=1 (full 0):
 PSYoungGen      total 18432K, used 2541K [0x00000000eab00000, 0x00000000ebf80000, 0x0000000100000000)
  eden space 15872K, 0% used [0x00000000eab00000,0x00000000eab00000,0x00000000eba80000)
  from space 2560K, 99% used [0x00000000eba80000,0x00000000ebcfb640,0x00000000ebd00000)
  to   space 2560K, 0% used [0x00000000ebd00000,0x00000000ebd00000,0x00000000ebf80000)
 ParOldGen       total 42496K, used 2202K [0x00000000c0000000, 0x00000000c2980000, 0x00000000eab00000)
  object space 42496K, 5% used [0x00000000c0000000,0x00000000c0226ba8,0x00000000c2980000)
 Metaspace       used 5416K, capacity 6768K, committed 7040K, reserved 1056768K
  class space    used 547K, capacity 616K, committed 640K, reserved 1048576K
}
Event: 1.988 GC heap before
{Heap before GC invocations=2 (full 0):
 PSYoungGen      total 18432K, used 18413K [0x00000000eab00000, 0x00000000ebf80000, 0x0000000100000000)
  eden space 15872K, 100% used [0x00000000eab00000,0x00000000eba80000,0x00000000eba80000)
  from space 2560K, 99% used [0x00000000eba80000,0x00000000ebcfb640,0x00000000ebd00000)
  to   space 2560K, 0% used [0x00000000ebd00000,0x00000000ebd00000,0x00000000ebf80000)
 ParOldGen       total 42496K, used 2202K [0x00000000c0000000, 0x00000000c2980000, 0x00000000eab00000)
  object space 42496K, 5% used [0x00000000c0000000,0x00000000c0226ba8,0x00000000c2980000)
 Metaspace       used 6836K, capacity 7640K, committed 7936K, reserved 1056768K
  class space    used 696K, capacity 720K, committed 768K, reserved 1048576K
Event: 2.000 GC heap after
Heap after GC invocations=2 (full 0):
 PSYoungGen      total 18432K, used 2545K [0x00000000eab00000, 0x00000000ebf80000, 0x0000000100000000)
  eden space 15872K, 0% used [0x00000000eab00000,0x00000000eab00000,0x00000000eba80000)
  from space 2560K, 99% used [0x00000000ebd00000,0x00000000ebf7c7f8,0x00000000ebf80000)
  to   space 2560K, 0% used [0x00000000eba80000,0x00000000eba80000,0x00000000ebd00000)
 ParOldGen       total 42496K, used 6842K [0x00000000c0000000, 0x00000000c2980000, 0x00000000eab00000)
  object space 42496K, 16% used [0x00000000c0000000,0x00000000c06ae8a8,0x00000000c2980000)
 Metaspace       used 6836K, capacity 7640K, committed 7936K, reserved 1056768K
  class space    used 696K, capacity 720K, committed 768K, reserved 1048576K
}
Event: 2.210 GC heap before
{Heap before GC invocations=3 (full 0):
 PSYoungGen      total 18432K, used 18417K [0x00000000eab00000, 0x00000000ebf80000, 0x0000000100000000)
  eden space 15872K, 100% used [0x00000000eab00000,0x00000000eba80000,0x00000000eba80000)
  from space 2560K, 99% used [0x00000000ebd00000,0x00000000ebf7c7f8,0x00000000ebf80000)
  to   space 2560K, 0% used [0x00000000eba80000,0x00000000eba80000,0x00000000ebd00000)
 ParOldGen       total 42496K, used 6842K [0x00000000c0000000, 0x00000000c2980000, 0x00000000eab00000)
  object space 42496K, 16% used [0x00000000c0000000,0x00000000c06ae8a8,0x00000000c2980000)
 Metaspace       used 6877K, capacity 7640K, committed 7936K, reserved 1056768K
  class space    used 696K, capacity 720K, committed 768K, reserved 1048576K
Event: 2.221 GC heap after
Heap after GC invocations=3 (full 0):
 PSYoungGen      total 18432K, used 2544K [0x00000000eab00000, 0x00000000ecf00000, 0x0000000100000000)
  eden space 15872K, 0% used [0x00000000eab00000,0x00000000eab00000,0x00000000eba80000)
  from space 2560K, 99% used [0x00000000eba80000,0x00000000ebcfc088,0x00000000ebd00000)
  to   space 2560K, 0% used [0x00000000ecc80000,0x00000000ecc80000,0x00000000ecf00000)
 ParOldGen       total 42496K, used 12886K [0x00000000c0000000, 0x00000000c2980000, 0x00000000eab00000)
  object space 42496K, 30% used [0x00000000c0000000,0x00000000c0c95ba0,0x00000000c2980000)
 Metaspace       used 6877K, capacity 7640K, committed 7936K, reserved 1056768K
  class space    used 696K, capacity 720K, committed 768K, reserved 1048576K
}
Event: 3.345 GC heap before
{Heap before GC invocations=4 (full 0):
 PSYoungGen      total 18432K, used 17069K [0x00000000eab00000, 0x00000000ecf00000, 0x0000000100000000)
  eden space 15872K, 91% used [0x00000000eab00000,0x00000000eb92f4e0,0x00000000eba80000)
  from space 2560K, 99% used [0x00000000eba80000,0x00000000ebcfc088,0x00000000ebd00000)
  to   space 2560K, 0% used [0x00000000ecc80000,0x00000000ecc80000,0x00000000ecf00000)
 ParOldGen       total 42496K, used 12886K [0x00000000c0000000, 0x00000000c2980000, 0x00000000eab00000)
  object space 42496K, 30% used [0x00000000c0000000,0x00000000c0c95ba0,0x00000000c2980000)
 Metaspace       used 6902K, capacity 7640K, committed 7936K, reserved 1056768K
  class space    used 696K, capacity 720K, committed 768K, reserved 1048576K
Event: 3.356 GC heap after
Heap after GC invocations=4 (full 0):
 PSYoungGen      total 34304K, used 2528K [0x00000000eab00000, 0x00000000ecf00000, 0x0000000100000000)
  eden space 31744K, 0% used [0x00000000eab00000,0x00000000eab00000,0x00000000eca00000)
  from space 2560K, 98% used [0x00000000ecc80000,0x00000000ecef8098,0x00000000ecf00000)
  to   space 2560K, 0% used [0x00000000eca00000,0x00000000eca00000,0x00000000ecc80000)
 ParOldGen       total 42496K, used 13142K [0x00000000c0000000, 0x00000000c2980000, 0x00000000eab00000)
  object space 42496K, 30% used [0x00000000c0000000,0x00000000c0cd5ba0,0x00000000c2980000)
 Metaspace       used 6902K, capacity 7640K, committed 7936K, reserved 1056768K
  class space    used 696K, capacity 720K, committed 768K, reserved 1048576K
}

Deoptimization events (10 events):
Event: 1.594 Thread 0x0000000002610800 Uncommon trap: reason=class_check action=maybe_recompile pc=0x0000000002b769ec method=com.android.dex.Leb128.writeUnsignedLeb128(Lcom/android/dex/util/ByteOutput;I)V @ 40
Event: 1.594 Thread 0x0000000002610800 Uncommon trap: reason=class_check action=maybe_recompile pc=0x0000000002b769ec method=com.android.dex.Leb128.writeUnsignedLeb128(Lcom/android/dex/util/ByteOutput;I)V @ 40
Event: 1.594 Thread 0x0000000002610800 Uncommon trap: reason=class_check action=maybe_recompile pc=0x0000000002b769ec method=com.android.dex.Leb128.writeUnsignedLeb128(Lcom/android/dex/util/ByteOutput;I)V @ 40
Event: 1.595 Thread 0x0000000002610800 Uncommon trap: reason=class_check action=maybe_recompile pc=0x0000000002b769ec method=com.android.dex.Leb128.writeUnsignedLeb128(Lcom/android/dex/util/ByteOutput;I)V @ 40
Event: 1.635 Thread 0x0000000002610800 Uncommon trap: reason=unstable_if action=reinterpret pc=0x0000000002b8dc2c method=java.util.HashMap.putVal(ILjava/lang/Object;Ljava/lang/Object;ZZ)Ljava/lang/Object; @ 162
Event: 1.635 Thread 0x0000000002610800 Uncommon trap: reason=unstable_if action=reinterpret pc=0x0000000002b8acac method=java.util.HashMap.putVal(ILjava/lang/Object;Ljava/lang/Object;ZZ)Ljava/lang/Object; @ 162
Event: 1.647 Thread 0x0000000002610800 Uncommon trap: reason=predicate action=maybe_recompile pc=0x0000000002bba880 method=com.android.dex.Leb128.writeUnsignedLeb128(Lcom/android/dex/util/ByteOutput;I)V @ 9
Event: 1.786 Thread 0x0000000002610800 Uncommon trap: reason=unstable_if action=reinterpret pc=0x0000000002b13c50 method=java.util.HashMap.getNode(ILjava/lang/Object;)Ljava/util/HashMap$Node; @ 84
Event: 1.786 Thread 0x0000000002610800 Uncommon trap: reason=unstable_if action=reinterpret pc=0x0000000002b16760 method=java.util.HashMap.getNode(ILjava/lang/Object;)Ljava/util/HashMap$Node; @ 84
Event: 1.907 Thread 0x0000000002610800 Uncommon trap: reason=predicate action=maybe_recompile pc=0x0000000002c081e4 method=com.android.dex.Leb128.readUnsignedLeb128(Lcom/android/dex/util/ByteInput;)I @ 41

Internal exceptions (2 events):
Event: 0.050 Thread 0x0000000002610800 Exception <a 'java/lang/NoSuchMethodError': Method sun.misc.Unsafe.defineClass(Ljava/lang/String;[BII)Ljava/lang/Class; name or signature does not match> (0x00000000eab12c60) thrown at [D:\re\workspace\8-2-build-windows-amd64-cygwin\jdk8u40\2855\hotspot\sr`êˆ‰¶©?
Event: 0.050 Thread 0x0000000002610800 Exception <a 'java/lang/NoSuchMethodError': Method sun.misc.Unsafe.prefetchRead(Ljava/lang/Object;J)V name or signature does not match> (0x00000000eab12ef0) thrown at [D:\re\workspace\8-2-build-windows-amd64-cygwin\jdk8u40\2855\hotspot\src\share\vm\prims\j

Events (10 events):
Event: 2.157 Thread 0x0000000002610800 DEOPT PACKING pc=0x0000000002b89ef1 sp=0x000000000232eba0
Event: 2.157 Thread 0x0000000002610800 DEOPT UNPACKING pc=0x000000000275787f sp=0x000000000232e8a0 mode 0
Event: 2.157 Thread 0x0000000002610800 DEOPT PACKING pc=0x0000000002b89e73 sp=0x000000000232eba0
Event: 2.157 Thread 0x0000000002610800 DEOPT UNPACKING pc=0x000000000275787f sp=0x000000000232e8a0 mode 0
Event: 2.210 Executing VM operation: ParallelGCFailedAllocation
Event: 2.221 Executing VM operation: ParallelGCFailedAllocation done
Event: 3.344 Executing VM operation: ParallelGCFailedAllocation
Event: 3.356 Executing VM operation: ParallelGCFailedAllocation done
Event: 4.169 Executing VM operation: EnableBiasedLocking
Event: 4.169 Executing VM operation: EnableBiasedLocking done


Dynamic libraries:
0x000007f71d140000 - 0x000007f71d177000 	C:\Program Files\Java\jdk1.8.0_40\bin\java.exe
0x000007fd5f6b0000 - 0x000007fd5f86d000 	C:\windows\SYSTEM32\ntdll.dll
0x000007fd5cc20000 - 0x000007fd5cd57000 	C:\windows\system32\KERNEL32.DLL
0x000007fd5c930000 - 0x000007fd5ca24000 	C:\windows\system32\KERNELBASE.dll
0x000007fd5dbb0000 - 0x000007fd5dc8e000 	C:\windows\system32\ADVAPI32.dll
0x000007fd5ef80000 - 0x000007fd5f0cc000 	C:\windows\system32\USER32.dll
0x000007fd5a350000 - 0x000007fd5a5ba000 	C:\windows\WinSxS\amd64_microsoft.windows.common-controls_6595b64144ccf1df_6.0.9200.16579_none_418ab7ef718b27ef\COMCTL32.dll
0x000007fd5d710000 - 0x000007fd5d7b5000 	C:\windows\system32\msvcrt.dll
0x000007fd5f660000 - 0x000007fd5f6a8000 	C:\windows\SYSTEM32\sechost.dll
0x000007fd5cdc0000 - 0x000007fd5cf05000 	C:\windows\system32\RPCRT4.dll
0x000007fd5cad0000 - 0x000007fd5cc11000 	C:\windows\system32\GDI32.dll
0x000007fd5ca80000 - 0x000007fd5cab9000 	C:\windows\system32\IMM32.DLL
0x000007fd5d3d0000 - 0x000007fd5d4e5000 	C:\windows\system32\MSCTF.dll
0x0000000050790000 - 0x0000000050862000 	C:\Program Files\Java\jdk1.8.0_40\jre\bin\msvcr100.dll
0x00000000776c0000 - 0x0000000077f43000 	C:\Program Files\Java\jdk1.8.0_40\jre\bin\server\jvm.dll
0x000007fd4ef10000 - 0x000007fd4ef19000 	C:\windows\SYSTEM32\WSOCK32.dll
0x000007fd593d0000 - 0x000007fd593f0000 	C:\windows\SYSTEM32\WINMM.dll
0x000007fd596b0000 - 0x000007fd596b9000 	C:\windows\SYSTEM32\VERSION.dll
0x000007fd5f1e0000 - 0x000007fd5f1e7000 	C:\windows\system32\PSAPI.DLL
0x000007fd5db50000 - 0x000007fd5dba8000 	C:\windows\system32\WS2_32.dll
0x000007fd592e0000 - 0x000007fd59313000 	C:\windows\SYSTEM32\WINMMBASE.dll
0x000007fd5cac0000 - 0x000007fd5cac9000 	C:\windows\system32\NSI.dll
0x000007fd5ca30000 - 0x000007fd5ca7f000 	C:\windows\SYSTEM32\cfgmgr32.dll
0x000007fd5c900000 - 0x000007fd5c922000 	C:\windows\system32\DEVOBJ.dll
0x0000000051500000 - 0x000000005150f000 	C:\Program Files\Java\jdk1.8.0_40\jre\bin\verify.dll
0x00000000514d0000 - 0x00000000514f9000 	C:\Program Files\Java\jdk1.8.0_40\jre\bin\java.dll
0x0000000050ae0000 - 0x0000000050af6000 	C:\Program Files\Java\jdk1.8.0_40\jre\bin\zip.dll
0x000007fd5dc90000 - 0x000007fd5ef75000 	C:\windows\system32\SHELL32.dll
0x000007fd5f4b0000 - 0x000007fd5f660000 	C:\windows\SYSTEM32\combase.dll
0x000007fd5d960000 - 0x000007fd5d9b0000 	C:\windows\system32\SHLWAPI.dll
0x000007fd5b700000 - 0x000007fd5b796000 	C:\windows\SYSTEM32\SHCORE.dll
0x000007fd5c5d0000 - 0x000007fd5c5e5000 	C:\windows\system32\profapi.dll
0x000007fd481b0000 - 0x000007fd48313000 	C:\windows\SYSTEM32\dbghelp.dll

VM Arguments:
jvm_args: -Xmx1024M -Dfile.encoding=windows-1251 -Duser.country=US -Duser.language=en -Duser.variant 
java_command: com.android.dx.command.Main --dex --output D:\Users\Zelikovich\AndroidStudioProjects\TodoListManager\app\build\intermediates\dex\debug D:\Users\Zelikovich\AndroidStudioProjects\TodoListManager\app\build\intermediates\classes\debug D:\Users\Zelikovich\AndroidStudioProjects\TodoListManager\app\build\intermediates\pre-dexed\debug\support-annotations-22.0.0-616ce875254010e8be29e3a45c3ea5ce0bb9383d.jar D:\Users\Zelikovich\AndroidStudioProjects\TodoListManager\app\build\intermediates\pre-dexed\debug\internal_impl-22.0.0-eb067fc26ce375217da160c623387b503cea6514.jar D:\Users\Zelikovich\AndroidStudioProjects\TodoListManager\app\build\intermediates\pre-dexed\debug\classes-4d506b29a9f00bb2c15e0cb7d847976cc63a1086.jar D:\Users\Zelikovich\AndroidStudioProjects\TodoListManager\app\build\intermediates\pre-dexed\debug\classes-b526a3c5f4c6e89a42b440b901c898e652be356f.jar
java_class_path (initial): D:\Users\Zelikovich\AppData\Local\Android\sdk\build-tools\22.0.0\lib\dx.jar
Launcher Type: SUN_STANDARD

Environment Variables:
JAVA_HOME=C:\Program Files\Java\jdk1.8.0_40
PATH=C:\ProgramData\Oracle\Java\javapath;C:\MinGW\bin;C:\MinGW\msys\1.0\bin;C:\Program Files\NVIDIA Corporation\PhysX\Common;C:\windows\system32;C:\windows;C:\windows\System32\Wbem;C:\Program Files\nodejs\;C:\Program Files (x86)\Skype\Phone\;C:\Program Files (x86)\Windows Live\Shared;C:\Users\Zelikovich\AppData\Roaming\npm
USERNAME=Zelikovich
OS=Windows_NT
PROCESSOR_IDENTIFIER=Intel64 Family 6 Model 58 Stepping 9, GenuineIntel



---------------  S Y S T E M  ---------------

OS: Windows 8 , 64 bit Build 9200 (6.2.9200.16859)

CPU:total 4 (2 cores per cpu, 2 threads per core) family 6 model 58 stepping 9, cmov, cx8, fxsr, mmx, sse, sse2, sse3, ssse3, sse4.1, sse4.2, popcnt, avx, clmul, erms, ht, tsc, tscinvbit, tscinv

Memory: 4k page, physical 4048928k(819044k free), swap 7325728k(12716k free)

vm_info: Java HotSpot(TM) 64-Bit Server VM (25.40-b25) for windows-amd64 JRE (1.8.0_40-b25), built on Feb 10 2015 21:53:57 by "java_re" with MS VC++ 10.0 (VS2010)

time: Tue Apr 28 15:49:43 2015
elapsed time: 4 seconds (0d 0h 0m 4s)

